<html>
<head>
<title>TestNG:  run package1</title>
<link href="../testng.css" rel="stylesheet" type="text/css" />
<link href="../my-testng.css" rel="stylesheet" type="text/css" />

<style type="text/css">
.log { display: none;} 
.stack-trace { display: none;} 
</style>
<script type="text/javascript">
<!--
function flip(e) {
  current = e.style.display;
  if (current == 'block') {
    e.style.display = 'none';
    return 0;
  }
  else {
    e.style.display = 'block';
    return 1;
  }
}

function toggleBox(szDivId, elem, msg1, msg2)
{
  var res = -1;  if (document.getElementById) {
    res = flip(document.getElementById(szDivId));
  }
  else if (document.all) {
    // this is the way old msie versions work
    res = flip(document.all[szDivId]);
  }
  if(elem) {
    if(res == 0) elem.innerHTML = msg1; else elem.innerHTML = msg2;
  }

}

function toggleAllBoxes() {
  if (document.getElementsByTagName) {
    d = document.getElementsByTagName('div');
    for (i = 0; i < d.length; i++) {
      if (d[i].className == 'log') {
        flip(d[i]);
      }
    }
  }
}

// -->
</script>

</head>
<body>
<h2 align='center'>run package1</h2><table border='1' align="center">
<tr>
<td>Tests passed/Failed/Skipped:</td><td>22/1/1</td>
</tr><tr>
<td>Started on:</td><td>Sat Aug 29 11:22:39 IST 2020</td>
</tr>
<tr><td>Total time:</td><td>28 seconds (28207 ms)</td>
</tr><tr>
<td>Included groups:</td><td></td>
</tr><tr>
<td>Excluded groups:</td><td></td>
</tr>
</table><p/>
<small><i>(Hover the method name to see the test class name)</i></small><p/>
<table width='100%' border='1' class='invocation-failed'>
<tr><td colspan='4' align='center'><b>FAILED TESTS</b></td></tr>
<tr><td><b>Test method</b></td>
<td width="30%"><b>Exception</b></td>
<td width="10%"><b>Time (seconds)</b></td>
<td><b>Instance</b></td>
</tr>
<tr>
<td title='com.testng.basics.AnnotatinSample.b_m1()'><b>b_m1</b><br>Test class: com.testng.basics.AnnotatinSample</td>
<td><div><pre>java.lang.AssertionError: expected [Category name is already exist. please entesdsdr new category name] but found [Category name is already exist. please enter new category name]
	at com.testng.basics.AnnotatinSample.b_m1(AnnotatinSample.java:83)
	at java.util.concurrent.FutureTask.run(FutureTask.java:266)
	at java.util.concurrent.ThreadPoolExecutor.runWorker(ThreadPoolExecutor.java:1142)
	at java.util.concurrent.ThreadPoolExecutor$Worker.run(ThreadPoolExecutor.java:617)
	at java.lang.Thread.run(Thread.java:745)
... Removed 22 stack frames</pre></div><a href='#' onClick='toggleBox("stack-trace1596732304", this, "Click to show all stack frames", "Click to hide stack frames")'>Click to show all stack frames</a>
<div class='stack-trace' id='stack-trace1596732304'><pre>java.lang.AssertionError: expected [Category name is already exist. please entesdsdr new category name] but found [Category name is already exist. please enter new category name]
	at org.testng.Assert.fail(Assert.java:94)
	at org.testng.Assert.failNotEquals(Assert.java:513)
	at org.testng.Assert.assertEqualsImpl(Assert.java:135)
	at org.testng.Assert.assertEquals(Assert.java:116)
	at org.testng.Assert.assertEquals(Assert.java:190)
	at org.testng.Assert.assertEquals(Assert.java:200)
	at com.testng.basics.AnnotatinSample.b_m1(AnnotatinSample.java:83)
	at sun.reflect.NativeMethodAccessorImpl.invoke0(Native Method)
	at sun.reflect.NativeMethodAccessorImpl.invoke(NativeMethodAccessorImpl.java:62)
	at sun.reflect.DelegatingMethodAccessorImpl.invoke(DelegatingMethodAccessorImpl.java:43)
	at java.lang.reflect.Method.invoke(Method.java:497)
	at org.testng.internal.MethodInvocationHelper.invokeMethod(MethodInvocationHelper.java:86)
	at org.testng.internal.Invoker.invokeMethod(Invoker.java:643)
	at org.testng.internal.Invoker.invokeTestMethod(Invoker.java:820)
	at org.testng.internal.Invoker.invokeTestMethods(Invoker.java:1128)
	at org.testng.internal.TestMethodWorker.invokeTestMethods(TestMethodWorker.java:129)
	at org.testng.internal.TestMethodWorker.run(TestMethodWorker.java:112)
	at org.testng.TestRunner.privateRun(TestRunner.java:782)
	at org.testng.TestRunner.run(TestRunner.java:632)
	at org.testng.SuiteRunner.runTest(SuiteRunner.java:366)
	at org.testng.SuiteRunner.access$000(SuiteRunner.java:39)
	at org.testng.SuiteRunner$SuiteWorker.run(SuiteRunner.java:400)
	at org.testng.internal.thread.ThreadUtil$2.call(ThreadUtil.java:64)
	at java.util.concurrent.FutureTask.run(FutureTask.java:266)
	at java.util.concurrent.ThreadPoolExecutor.runWorker(ThreadPoolExecutor.java:1142)
	at java.util.concurrent.ThreadPoolExecutor$Worker.run(ThreadPoolExecutor.java:617)
	at java.lang.Thread.run(Thread.java:745)
</pre></div></td>
<td>3</td>
<td>com.testng.basics.AnnotatinSample@61dc03ce</td></tr>
</table><p>
<table width='100%' border='1' class='invocation-passed'>
<tr><td colspan='4' align='center'><b>PASSED TESTS</b></td></tr>
<tr><td><b>Test method</b></td>
<td width="30%"><b>Exception</b></td>
<td width="10%"><b>Time (seconds)</b></td>
<td><b>Instance</b></td>
</tr>
<tr>
<td title='com.testng.basics.AnnotatinSample.a_m2()'><b>a_m2</b><br>Test class: com.testng.basics.AnnotatinSample</td>
<td></td>
<td>0</td>
<td>com.testng.basics.AnnotatinSample@61dc03ce</td></tr>
<tr>
<td title='com.testng.basics.XlsSample.b_m1()'><b>b_m1</b><br>Test class: com.testng.basics.XlsSample<br>Parameters: testusername1, test1@gmail.com, password1, 878778782</td>
<td></td>
<td>0</td>
<td>com.testng.basics.XlsSample@50f8360d</td></tr>
<tr>
<td title='com.testng.basics.XlsSample.b_m1()'><b>b_m1</b><br>Test class: com.testng.basics.XlsSample<br>Parameters: testusername2, test2@gmail.com, password2, 878778782</td>
<td></td>
<td>0</td>
<td>com.testng.basics.XlsSample@50f8360d</td></tr>
<tr>
<td title='com.testng.basics.XlsSample.b_m1()'><b>b_m1</b><br>Test class: com.testng.basics.XlsSample<br>Parameters: testusername3, test3@gmail.com, password3, 878778782</td>
<td></td>
<td>0</td>
<td>com.testng.basics.XlsSample@50f8360d</td></tr>
<tr>
<td title='com.testng.basics.XlsSample.b_m1()'><b>b_m1</b><br>Test class: com.testng.basics.XlsSample<br>Parameters: testusername4, test4@gmail.com, password4, 878778782</td>
<td></td>
<td>0</td>
<td>com.testng.basics.XlsSample@50f8360d</td></tr>
<tr>
<td title='com.testng.basics.XlsSample.b_m1()'><b>b_m1</b><br>Test class: com.testng.basics.XlsSample<br>Parameters: testusername5, test5@gmail.com, password5, 878778782</td>
<td></td>
<td>0</td>
<td>com.testng.basics.XlsSample@50f8360d</td></tr>
<tr>
<td title='com.testng.basics.XlsSample.b_m1()'><b>b_m1</b><br>Test class: com.testng.basics.XlsSample<br>Parameters: testusername6, test6@gmail.com, password6, 878778782</td>
<td></td>
<td>0</td>
<td>com.testng.basics.XlsSample@50f8360d</td></tr>
<tr>
<td title='com.testng.basics.XlsSample.b_m1()'><b>b_m1</b><br>Test class: com.testng.basics.XlsSample<br>Parameters: testusername7, test7@gmail.com, password7, 878778782</td>
<td></td>
<td>0</td>
<td>com.testng.basics.XlsSample@50f8360d</td></tr>
<tr>
<td title='com.testng.basics.XlsSample.b_m1()'><b>b_m1</b><br>Test class: com.testng.basics.XlsSample<br>Parameters: testusername8, test8@gmail.com, password8, 878778782</td>
<td></td>
<td>0</td>
<td>com.testng.basics.XlsSample@50f8360d</td></tr>
<tr>
<td title='com.testng.basics.XlsSample.b_m1()'><b>b_m1</b><br>Test class: com.testng.basics.XlsSample<br>Parameters: testusername9, test9@gmail.com, password9, 878778782</td>
<td></td>
<td>0</td>
<td>com.testng.basics.XlsSample@50f8360d</td></tr>
<tr>
<td title='com.testng.basics.XlsSample.b_m1()'><b>b_m1</b><br>Test class: com.testng.basics.XlsSample<br>Parameters: testusername10, test10@gmail.com, password10, 878778782</td>
<td></td>
<td>0</td>
<td>com.testng.basics.XlsSample@50f8360d</td></tr>
<tr>
<td title='com.testng.basics.XlsSample.b_m1()'><b>b_m1</b><br>Test class: com.testng.basics.XlsSample<br>Parameters: testusername11, test11@gmail.com, password11, 878778782</td>
<td></td>
<td>0</td>
<td>com.testng.basics.XlsSample@50f8360d</td></tr>
<tr>
<td title='com.testng.basics.XlsSample.b_m1()'><b>b_m1</b><br>Test class: com.testng.basics.XlsSample<br>Parameters: testusername12, test12@gmail.com, password12, 878778782</td>
<td></td>
<td>0</td>
<td>com.testng.basics.XlsSample@50f8360d</td></tr>
<tr>
<td title='com.testng.basics.XlsSample.b_m1()'><b>b_m1</b><br>Test class: com.testng.basics.XlsSample<br>Parameters: testusername13, test13@gmail.com, password13, 878778782</td>
<td></td>
<td>0</td>
<td>com.testng.basics.XlsSample@50f8360d</td></tr>
<tr>
<td title='com.testng.basics.XlsSample.b_m1()'><b>b_m1</b><br>Test class: com.testng.basics.XlsSample<br>Parameters: testusername14, test14@gmail.com, password14, 878778782</td>
<td></td>
<td>0</td>
<td>com.testng.basics.XlsSample@50f8360d</td></tr>
<tr>
<td title='com.testng.basics.XlsSample.b_m1()'><b>b_m1</b><br>Test class: com.testng.basics.XlsSample<br>Parameters: testusername15, test15@gmail.com, password15, 878778782</td>
<td></td>
<td>0</td>
<td>com.testng.basics.XlsSample@50f8360d</td></tr>
<tr>
<td title='com.testng.basics.AnnotatinSample2.c_m1()'><b>c_m1</b><br>Test class: com.testng.basics.AnnotatinSample2</td>
<td></td>
<td>0</td>
<td>com.testng.basics.AnnotatinSample2@12843fce</td></tr>
<tr>
<td title='com.testng.basics.AnnotatinSample.c_m3()'><b>c_m3</b><br>Test class: com.testng.basics.AnnotatinSample</td>
<td></td>
<td>0</td>
<td>com.testng.basics.AnnotatinSample@61dc03ce</td></tr>
<tr>
<td title='com.testng.basics.AnnotatinSample2.c_m3()'><b>c_m3</b><br>Test class: com.testng.basics.AnnotatinSample2</td>
<td></td>
<td>0</td>
<td>com.testng.basics.AnnotatinSample2@12843fce</td></tr>
<tr>
<td title='com.testng.basics.AnnotatinSample2.m2()'><b>m2</b><br>Test class: com.testng.basics.AnnotatinSample2</td>
<td></td>
<td>0</td>
<td>com.testng.basics.AnnotatinSample2@12843fce</td></tr>
<tr>
<td title='com.testng.basics.AnnotatinSample.m4()'><b>m4</b><br>Test class: com.testng.basics.AnnotatinSample</td>
<td></td>
<td>0</td>
<td>com.testng.basics.AnnotatinSample@61dc03ce</td></tr>
<tr>
<td title='com.testng.basics.AnnotatinSample2.m4()'><b>m4</b><br>Test class: com.testng.basics.AnnotatinSample2</td>
<td></td>
<td>0</td>
<td>com.testng.basics.AnnotatinSample2@12843fce</td></tr>
</table><p>
<table width='100%' border='1' class='invocation-skipped'>
<tr><td colspan='4' align='center'><b>SKIPPED TESTS</b></td></tr>
<tr><td><b>Test method</b></td>
<td width="30%"><b>Exception</b></td>
<td width="10%"><b>Time (seconds)</b></td>
<td><b>Instance</b></td>
</tr>
<tr>
<td title='com.testng.basics.XmlSample.b_m1()'><b>b_m1</b><br>Test class: com.testng.basics.XmlSample</td>
<td><div><pre>org.testng.TestNGException: 
Parameter &apos;username&apos; is required by @Test on method b_m1 but has not been marked @Optional or defined
in E:\SeleniumAutomation\2020\AbidProject\Sanity.xml
	at java.util.concurrent.FutureTask.run(FutureTask.java:266)
	at java.util.concurrent.ThreadPoolExecutor.runWorker(ThreadPoolExecutor.java:1142)
	at java.util.concurrent.ThreadPoolExecutor$Worker.run(ThreadPoolExecutor.java:617)
	at java.lang.Thread.run(Thread.java:745)
... Removed 14 stack frames</pre></div><a href='#' onClick='toggleBox("stack-trace1052492183", this, "Click to show all stack frames", "Click to hide stack frames")'>Click to show all stack frames</a>
<div class='stack-trace' id='stack-trace1052492183'><pre>org.testng.TestNGException: 
Parameter &apos;username&apos; is required by @Test on method b_m1 but has not been marked @Optional or defined
in E:\SeleniumAutomation\2020\AbidProject\Sanity.xml
	at org.testng.internal.Parameters.createParameters(Parameters.java:154)
	at org.testng.internal.Parameters.createParameters(Parameters.java:361)
	at org.testng.internal.Parameters.handleParameters(Parameters.java:451)
	at org.testng.internal.Invoker.handleParameters(Invoker.java:1274)
	at org.testng.internal.Invoker.createParameters(Invoker.java:989)
	at org.testng.internal.Invoker.invokeTestMethods(Invoker.java:1079)
	at org.testng.internal.TestMethodWorker.invokeTestMethods(TestMethodWorker.java:129)
	at org.testng.internal.TestMethodWorker.run(TestMethodWorker.java:112)
	at org.testng.TestRunner.privateRun(TestRunner.java:782)
	at org.testng.TestRunner.run(TestRunner.java:632)
	at org.testng.SuiteRunner.runTest(SuiteRunner.java:366)
	at org.testng.SuiteRunner.access$000(SuiteRunner.java:39)
	at org.testng.SuiteRunner$SuiteWorker.run(SuiteRunner.java:400)
	at org.testng.internal.thread.ThreadUtil$2.call(ThreadUtil.java:64)
	at java.util.concurrent.FutureTask.run(FutureTask.java:266)
	at java.util.concurrent.ThreadPoolExecutor.runWorker(ThreadPoolExecutor.java:1142)
	at java.util.concurrent.ThreadPoolExecutor$Worker.run(ThreadPoolExecutor.java:617)
	at java.lang.Thread.run(Thread.java:745)
</pre></div></td>
<td>0</td>
<td>com.testng.basics.XmlSample@2cb4c3ab</td></tr>
</table><p>
</body>
</html>