<?xml version="1.0" encoding="UTF-8"?>
<!-- Generated by org.testng.reporters.JUnitXMLReporter -->
<testsuite hostname="Karthick" name="sanity test" tests="1" failures="0" timestamp="30 Aug 2020 12:01:17 GMT" time="0.433" errors="0">
  <testcase name="@BeforeTest setup" time="0.0" classname="com.deasliwant.admin.tests.CategoryTests">
    <failure type="java.lang.IllegalStateException" message="The driver executable does not exist: E:\SeleniumAutomation\2020\DealsIWant\drivers\IEDriver.exe">
      <![CDATA[java.lang.IllegalStateException: The driver executable does not exist: E:\SeleniumAutomation\2020\DealsIWant\drivers\IEDriver.exe
	at com.google.common.base.Preconditions.checkState(Preconditions.java:585)
	at org.openqa.selenium.remote.service.DriverService.checkExecutable(DriverService.java:146)
	at org.openqa.selenium.remote.service.DriverService.findExecutable(DriverService.java:141)
	at org.openqa.selenium.ie.InternetExplorerDriverService.access$000(InternetExplorerDriverService.java:35)
	at org.openqa.selenium.ie.InternetExplorerDriverService$Builder.findDefaultExecutable(InternetExplorerDriverService.java:175)
	at org.openqa.selenium.remote.service.DriverService$Builder.build(DriverService.java:355)
	at org.openqa.selenium.ie.InternetExplorerDriver.setupService(InternetExplorerDriver.java:281)
	at org.openqa.selenium.ie.InternetExplorerDriver.<init>(InternetExplorerDriver.java:211)
	at org.openqa.selenium.ie.InternetExplorerDriver.<init>(InternetExplorerDriver.java:150)
	at com.dealsiwant.utils.BaseTest.setup(BaseTest.java:98)
... Removed 31 stack frames]]>
    </failure>
  </testcase> <!-- @BeforeTest setup -->
  <testcase name="@AfterMethod getResult" time="0.0" classname="com.deasliwant.admin.tests.CategoryTests">
    <skipped/>
  </testcase> <!-- @AfterMethod getResult -->
  <testcase name="@AfterTest tearDown" time="0.0" classname="com.deasliwant.admin.tests.CategoryTests">
    <skipped/>
  </testcase> <!-- @AfterTest tearDown -->
  <testcase name="verifyCategoryListing" time="0.007" classname="com.deasliwant.admin.tests.CategoryTests">
    <skipped/>
  </testcase> <!-- verifyCategoryListing -->
</testsuite> <!-- sanity test -->
