<?xml version="1.0" encoding="UTF-8"?>
<testng-results skipped="0" failed="1" total="4" passed="3">
  <reporter-output>
  </reporter-output>
  <suite name="Default suite" duration-ms="7375" started-at="2020-08-29T05:47:59Z" finished-at="2020-08-29T05:48:07Z">
    <groups>
      <group name="regression">
        <method signature="AnnotatinSample.m4()[pri:4, instance:com.testng.basics.AnnotatinSample@11531931]" name="m4" class="com.testng.basics.AnnotatinSample"/>
      </group> <!-- regression -->
      <group name="sanity">
        <method signature="AnnotatinSample.c_m3()[pri:3, instance:com.testng.basics.AnnotatinSample@11531931]" name="c_m3" class="com.testng.basics.AnnotatinSample"/>
        <method signature="AnnotatinSample.m4()[pri:4, instance:com.testng.basics.AnnotatinSample@11531931]" name="m4" class="com.testng.basics.AnnotatinSample"/>
      </group> <!-- sanity -->
    </groups>
    <test name="Default test" duration-ms="7375" started-at="2020-08-29T05:47:59Z" finished-at="2020-08-29T05:48:07Z">
      <class name="com.testng.basics.AnnotatinSample">
        <test-method status="PASS" signature="setup()[pri:0, instance:com.testng.basics.AnnotatinSample@11531931]" name="setup" is-config="true" duration-ms="3683" started-at="2020-08-29T11:17:59Z" finished-at="2020-08-29T11:18:03Z">
          <reporter-output>
          </reporter-output>
        </test-method> <!-- setup -->
        <test-method status="FAIL" signature="b_m1()[pri:1, instance:com.testng.basics.AnnotatinSample@11531931]" name="b_m1" duration-ms="2100" started-at="2020-08-29T11:18:03Z" finished-at="2020-08-29T11:18:05Z">
          <exception class="java.lang.AssertionError">
            <message>
              <![CDATA[expected [Category name is already exist. please entesdsdr new category name] but found [Category name is already exist. please enter new category name]]]>
            </message>
            <full-stacktrace>
              <![CDATA[java.lang.AssertionError: expected [Category name is already exist. please entesdsdr new category name] but found [Category name is already exist. please enter new category name]
	at org.testng.Assert.fail(Assert.java:94)
	at org.testng.Assert.failNotEquals(Assert.java:513)
	at org.testng.Assert.assertEqualsImpl(Assert.java:135)
	at org.testng.Assert.assertEquals(Assert.java:116)
	at org.testng.Assert.assertEquals(Assert.java:190)
	at org.testng.Assert.assertEquals(Assert.java:200)
	at com.testng.basics.AnnotatinSample.b_m1(AnnotatinSample.java:83)
	at sun.reflect.NativeMethodAccessorImpl.invoke0(Native Method)
	at sun.reflect.NativeMethodAccessorImpl.invoke(NativeMethodAccessorImpl.java:62)
	at sun.reflect.DelegatingMethodAccessorImpl.invoke(DelegatingMethodAccessorImpl.java:43)
	at java.lang.reflect.Method.invoke(Method.java:497)
	at org.testng.internal.MethodInvocationHelper.invokeMethod(MethodInvocationHelper.java:86)
	at org.testng.internal.Invoker.invokeMethod(Invoker.java:643)
	at org.testng.internal.Invoker.invokeTestMethod(Invoker.java:820)
	at org.testng.internal.Invoker.invokeTestMethods(Invoker.java:1128)
	at org.testng.internal.TestMethodWorker.invokeTestMethods(TestMethodWorker.java:129)
	at org.testng.internal.TestMethodWorker.run(TestMethodWorker.java:112)
	at org.testng.TestRunner.privateRun(TestRunner.java:782)
	at org.testng.TestRunner.run(TestRunner.java:632)
	at org.testng.SuiteRunner.runTest(SuiteRunner.java:366)
	at org.testng.SuiteRunner.runSequentially(SuiteRunner.java:361)
	at org.testng.SuiteRunner.privateRun(SuiteRunner.java:319)
	at org.testng.SuiteRunner.run(SuiteRunner.java:268)
	at org.testng.SuiteRunnerWorker.runSuite(SuiteRunnerWorker.java:52)
	at org.testng.SuiteRunnerWorker.run(SuiteRunnerWorker.java:86)
	at org.testng.TestNG.runSuitesSequentially(TestNG.java:1244)
	at org.testng.TestNG.runSuitesLocally(TestNG.java:1169)
	at org.testng.TestNG.run(TestNG.java:1064)
	at org.testng.remote.RemoteTestNG.run(RemoteTestNG.java:113)
	at org.testng.remote.RemoteTestNG.initAndRun(RemoteTestNG.java:206)
	at org.testng.remote.RemoteTestNG.main(RemoteTestNG.java:177)
]]>
            </full-stacktrace>
          </exception> <!-- java.lang.AssertionError -->
          <reporter-output>
          </reporter-output>
        </test-method> <!-- b_m1 -->
        <test-method status="PASS" signature="getResult(org.testng.ITestResult)[pri:0, instance:com.testng.basics.AnnotatinSample@11531931]" name="getResult" is-config="true" duration-ms="12" started-at="2020-08-29T11:18:05Z" finished-at="2020-08-29T11:18:05Z">
          <params>
            <param index="0">
              <value>
                <![CDATA[[TestResult name=b_m1 status=FAILURE method=AnnotatinSample.b_m1()[pri:1, instance:com.testng.basics.AnnotatinSample@11531931] output={null}]]]>
              </value>
            </param>
          </params>
          <reporter-output>
          </reporter-output>
        </test-method> <!-- getResult -->
        <test-method status="PASS" signature="c_m3()[pri:3, instance:com.testng.basics.AnnotatinSample@11531931]" name="c_m3" duration-ms="1" started-at="2020-08-29T11:18:05Z" finished-at="2020-08-29T11:18:05Z">
          <reporter-output>
          </reporter-output>
        </test-method> <!-- c_m3 -->
        <test-method status="PASS" signature="getResult(org.testng.ITestResult)[pri:0, instance:com.testng.basics.AnnotatinSample@11531931]" name="getResult" is-config="true" duration-ms="2" started-at="2020-08-29T11:18:05Z" finished-at="2020-08-29T11:18:05Z">
          <params>
            <param index="0">
              <value>
                <![CDATA[[TestResult name=c_m3 status=SUCCESS method=AnnotatinSample.c_m3()[pri:3, instance:com.testng.basics.AnnotatinSample@11531931] output={null}]]]>
              </value>
            </param>
          </params>
          <reporter-output>
          </reporter-output>
        </test-method> <!-- getResult -->
        <test-method status="PASS" signature="m4()[pri:4, instance:com.testng.basics.AnnotatinSample@11531931]" name="m4" duration-ms="2" started-at="2020-08-29T11:18:05Z" finished-at="2020-08-29T11:18:05Z">
          <reporter-output>
          </reporter-output>
        </test-method> <!-- m4 -->
        <test-method status="PASS" signature="getResult(org.testng.ITestResult)[pri:0, instance:com.testng.basics.AnnotatinSample@11531931]" name="getResult" is-config="true" duration-ms="1" started-at="2020-08-29T11:18:05Z" finished-at="2020-08-29T11:18:05Z">
          <params>
            <param index="0">
              <value>
                <![CDATA[[TestResult name=m4 status=SUCCESS method=AnnotatinSample.m4()[pri:4, instance:com.testng.basics.AnnotatinSample@11531931] output={null}]]]>
              </value>
            </param>
          </params>
          <reporter-output>
          </reporter-output>
        </test-method> <!-- getResult -->
        <test-method status="PASS" signature="a_m2()[pri:2, instance:com.testng.basics.AnnotatinSample@11531931]" name="a_m2" duration-ms="328" started-at="2020-08-29T11:18:05Z" depends-on-methods="com.testng.basics.AnnotatinSample.b_m1" finished-at="2020-08-29T11:18:05Z">
          <reporter-output>
          </reporter-output>
        </test-method> <!-- a_m2 -->
        <test-method status="PASS" signature="getResult(org.testng.ITestResult)[pri:0, instance:com.testng.basics.AnnotatinSample@11531931]" name="getResult" is-config="true" duration-ms="0" started-at="2020-08-29T11:18:05Z" finished-at="2020-08-29T11:18:05Z">
          <params>
            <param index="0">
              <value>
                <![CDATA[[TestResult name=a_m2 status=SUCCESS method=AnnotatinSample.a_m2()[pri:2, instance:com.testng.basics.AnnotatinSample@11531931] output={null}]]]>
              </value>
            </param>
          </params>
          <reporter-output>
          </reporter-output>
        </test-method> <!-- getResult -->
        <test-method status="PASS" signature="teardown()[pri:0, instance:com.testng.basics.AnnotatinSample@11531931]" name="teardown" is-config="true" duration-ms="1212" started-at="2020-08-29T11:18:05Z" finished-at="2020-08-29T11:18:07Z">
          <reporter-output>
          </reporter-output>
        </test-method> <!-- teardown -->
      </class> <!-- com.testng.basics.AnnotatinSample -->
    </test> <!-- Default test -->
  </suite> <!-- Default suite -->
</testng-results>
